<?xml version="1.0" encoding="UTF-8"?>
<!-- Generated by org.testng.reporters.JUnitXMLReporter -->
<testsuite ignored="0" hostname="DESKTOP-L19I1F4" failures="0" tests="3" name="Surefire test" time="7.561" errors="0" timestamp="2024-02-23T13:55:37 SAMT">
  <testcase classname="org.example.tests.TestAddCustomerPage" name="testAddCustomer" time="0.495"/>
  <testcase classname="org.example.tests.TestCustomersPage" name="testSortCustomersByFirstName" time="0.186"/>
  <testcase classname="org.example.tests.TestCustomersPage" name="testDeleteCustomerByAVGLengthOfFirstName" time="0.327"/>
</testsuite> <!-- Surefire test -->
