<?xml version="1.0" encoding="UTF-8"?>
<testng-results ignored="0" total="3" passed="3" failed="0" skipped="0">
  <reporter-output>
  </reporter-output>
  <suite started-at="2024-02-23T13:55:30 SAMT" name="Surefire suite" finished-at="2024-02-23T13:55:37 SAMT" duration-ms="7561">
    <groups>
    </groups>
    <test started-at="2024-02-23T13:55:30 SAMT" name="Surefire test" finished-at="2024-02-23T13:55:37 SAMT" duration-ms="7561">
      <class name="org.example.tests.TestCustomersPage">
        <test-method is-config="true" signature="init()[pri:0, instance:org.example.tests.TestCustomersPage@364367d6]" started-at="2024-02-23T13:55:33 SAMT" name="init" finished-at="2024-02-23T13:55:36 SAMT" duration-ms="2749" status="PASS">
          <reporter-output>
          </reporter-output>
        </test-method> <!-- init -->
        <test-method signature="testSortCustomersByFirstName()[pri:1, instance:org.example.tests.TestCustomersPage@364367d6]" started-at="2024-02-23T13:55:36 SAMT" name="testSortCustomersByFirstName" finished-at="2024-02-23T13:55:36 SAMT" duration-ms="186" status="PASS">
          <reporter-output>
          </reporter-output>
        </test-method> <!-- testSortCustomersByFirstName -->
        <test-method signature="testDeleteCustomerByAVGLengthOfFirstName()[pri:2, instance:org.example.tests.TestCustomersPage@364367d6]" started-at="2024-02-23T13:55:36 SAMT" name="testDeleteCustomerByAVGLengthOfFirstName" finished-at="2024-02-23T13:55:37 SAMT" duration-ms="327" status="PASS">
          <reporter-output>
          </reporter-output>
        </test-method> <!-- testDeleteCustomerByAVGLengthOfFirstName -->
        <test-method is-config="true" signature="clearDriver()[pri:0, instance:org.example.tests.TestCustomersPage@364367d6]" started-at="2024-02-23T13:55:37 SAMT" name="clearDriver" finished-at="2024-02-23T13:55:37 SAMT" duration-ms="151" status="PASS">
          <reporter-output>
          </reporter-output>
        </test-method> <!-- clearDriver -->
      </class> <!-- org.example.tests.TestCustomersPage -->
      <class name="org.example.tests.TestAddCustomerPage">
        <test-method is-config="true" signature="init()[pri:0, instance:org.example.tests.TestAddCustomerPage@21c632ac]" started-at="2024-02-23T13:55:30 SAMT" name="init" finished-at="2024-02-23T13:55:33 SAMT" duration-ms="3360" status="PASS">
          <reporter-output>
          </reporter-output>
        </test-method> <!-- init -->
        <test-method signature="testAddCustomer()[pri:0, instance:org.example.tests.TestAddCustomerPage@21c632ac]" started-at="2024-02-23T13:55:36 SAMT" name="testAddCustomer" finished-at="2024-02-23T13:55:36 SAMT" duration-ms="495" status="PASS">
          <reporter-output>
          </reporter-output>
        </test-method> <!-- testAddCustomer -->
        <test-method is-config="true" signature="clearDriver()[pri:0, instance:org.example.tests.TestAddCustomerPage@21c632ac]" started-at="2024-02-23T13:55:37 SAMT" name="clearDriver" finished-at="2024-02-23T13:55:37 SAMT" duration-ms="170" status="PASS">
          <reporter-output>
          </reporter-output>
        </test-method> <!-- clearDriver -->
      </class> <!-- org.example.tests.TestAddCustomerPage -->
      <class name="org.example.tests.TestBasePage">
        <test-method is-config="true" signature="init()[pri:0, instance:org.example.tests.TestBasePage@a7ea4a74]" started-at="2024-02-23T13:55:30 SAMT" name="init" finished-at="2024-02-23T13:55:30 SAMT" duration-ms="18" status="PASS">
          <reporter-output>
          </reporter-output>
        </test-method> <!-- init -->
      </class> <!-- org.example.tests.TestBasePage -->
    </test> <!-- Surefire test -->
  </suite> <!-- Surefire suite -->
</testng-results>
